<?xml version="1.0" encoding="UTF-8"?>
<testng-results ignored="0" total="1" passed="1" failed="0" skipped="0">
  <reporter-output>
  </reporter-output>
  <suite started-at="2022-12-04T07:36:38Z" name="Default suite" finished-at="2022-12-04T07:36:38Z" duration-ms="79">
    <groups>
    </groups>
    <test started-at="2022-12-04T07:36:38Z" name="Default test" finished-at="2022-12-04T07:36:38Z" duration-ms="79">
      <class name="sample.org.Sampleeee">
        <test-method signature="tc1()[pri:0, instance:sample.org.Sampleeee@6c1a5b54]" started-at="2022-12-04T07:36:38Z" name="tc1" finished-at="2022-12-04T07:36:38Z" duration-ms="20" status="PASS">
          <reporter-output>
          </reporter-output>
        </test-method> <!-- tc1 -->
      </class> <!-- sample.org.Sampleeee -->
    </test> <!-- Default test -->
  </suite> <!-- Default suite -->
</testng-results>
